TN:
SF:src/__tests__/helpers.js
FN:4,makeEvent
FNF:1
FNH:1
FNDA:94,makeEvent
DA:5,94
DA:15,4
DA:16,4
DA:18,4
DA:19,4
DA:21,4
DA:41,4
DA:43,4
LF:8
LH:8
BRDA:4,0,0,7
BRDA:4,1,0,94
BRDA:4,2,0,20
BRDA:4,3,0,94
BRDA:4,4,0,43
BRDA:4,5,0,94
BRDA:10,6,0,51
BRDA:10,6,1,43
BRF:8
BRH:8
end_of_record
TN:
SF:src/db/client.js
FN:7,getPool
FN:22,(anonymous_1)
FN:29,query
FNF:3
FNH:0
FNDA:0,getPool
FNDA:0,(anonymous_1)
FNDA:0,query
DA:3,0
DA:8,0
DA:9,0
DA:22,0
DA:23,0
DA:26,0
DA:30,0
DA:31,0
DA:34,0
LF:9
LH:0
BRDA:8,0,0,0
BRDA:8,0,1,0
BRDA:11,1,0,0
BRDA:11,1,1,0
BRDA:19,2,0,0
BRDA:19,2,1,0
BRF:6
BRH:0
end_of_record
TN:
SF:src/handlers/auth.js
FN:15,(anonymous_0)
FN:41,signToken
FN:54,sanitize
FNF:3
FNH:0
FNDA:0,(anonymous_0)
FNDA:0,signToken
FNDA:0,sanitize
DA:8,0
DA:9,0
DA:10,0
DA:11,0
DA:15,0
DA:16,0
DA:17,0
DA:19,0
DA:21,0
DA:25,0
DA:27,0
DA:29,0
DA:30,0
DA:32,0
DA:33,0
DA:35,0
DA:42,0
DA:55,0
DA:56,0
LF:19
LH:0
BRDA:17,0,0,0
BRDA:17,0,1,0
BRDA:19,1,0,0
BRDA:19,1,1,0
BRDA:19,2,0,0
BRDA:19,2,1,0
BRDA:27,3,0,0
BRDA:27,3,1,0
BRDA:27,4,0,0
BRDA:27,4,1,0
BRDA:30,5,0,0
BRDA:30,5,1,0
BRDA:47,6,0,0
BRDA:47,6,1,0
BRF:14
BRH:0
end_of_record
TN:
SF:src/handlers/cognito-config.js
FN:10,(anonymous_0)
FNF:1
FNH:0
FNDA:0,(anonymous_0)
DA:3,0
DA:10,0
DA:11,0
LF:3
LH:0
BRDA:14,0,0,0
BRDA:14,0,1,0
BRF:2
BRH:0
end_of_record
TN:
SF:src/handlers/filings.js
FN:17,(anonymous_0)
FN:54,(anonymous_1)
FN:87,(anonymous_2)
FN:119,(anonymous_3)
FN:174,(anonymous_4)
FN:196,(anonymous_5)
FN:217,(anonymous_6)
FNF:7
FNH:7
FNDA:4,(anonymous_0)
FNDA:5,(anonymous_1)
FNDA:5,(anonymous_2)
FNDA:7,(anonymous_3)
FNDA:4,(anonymous_4)
FNDA:6,(anonymous_5)
FNDA:20,(anonymous_6)
DA:3,1
DA:4,1
DA:5,1
DA:9,1
DA:17,1
DA:18,4
DA:19,4
DA:20,4
DA:21,4
DA:24,3
DA:25,1
DA:36,2
DA:46,2
DA:48,1
DA:54,1
DA:55,5
DA:56,5
DA:57,5
DA:58,5
DA:60,4
DA:61,4
DA:67,4
DA:69,4
DA:70,3
DA:73,2
DA:77,2
DA:79,2
DA:81,0
DA:87,1
DA:88,5
DA:89,5
DA:90,5
DA:91,5
DA:93,4
DA:94,4
DA:95,4
DA:97,4
DA:98,1
DA:100,3
DA:101,1
DA:104,2
DA:111,2
DA:113,0
DA:119,1
DA:120,7
DA:121,7
DA:122,7
DA:123,7
DA:125,6
DA:126,6
DA:127,6
DA:129,6
DA:130,5
DA:131,4
DA:133,3
DA:136,3
DA:147,3
DA:148,3
DA:149,3
DA:151,3
DA:152,84
DA:153,2
DA:154,2
DA:158,3
DA:160,2
DA:161,2
DA:166,2
DA:168,0
DA:174,1
DA:175,4
DA:176,4
DA:177,4
DA:178,4
DA:180,3
DA:181,3
DA:182,3
DA:184,3
DA:185,2
DA:187,1
DA:188,1
DA:190,0
DA:196,1
DA:197,6
DA:198,6
DA:199,6
DA:200,6
DA:202,5
DA:203,5
DA:204,5
DA:206,5
DA:207,4
DA:209,4
DA:210,4
DA:212,4
DA:213,1
DA:216,3
DA:217,20
DA:218,2
DA:219,1
DA:223,2
DA:228,2
DA:230,0
LF:102
LH:97
BRDA:21,0,0,1
BRDA:21,0,1,3
BRDA:24,1,0,1
BRDA:24,1,1,2
BRDA:58,2,0,1
BRDA:58,2,1,4
BRDA:60,3,0,4
BRDA:60,3,1,0
BRDA:69,4,0,1
BRDA:69,4,1,3
BRDA:70,5,0,1
BRDA:70,5,1,2
BRDA:70,6,0,3
BRDA:70,6,1,2
BRDA:91,7,0,1
BRDA:91,7,1,4
BRDA:93,8,0,4
BRDA:93,8,1,0
BRDA:94,9,0,4
BRDA:94,9,1,2
BRDA:95,10,0,4
BRDA:95,10,1,3
BRDA:97,11,0,1
BRDA:97,11,1,3
BRDA:100,12,0,1
BRDA:100,12,1,2
BRDA:123,13,0,1
BRDA:123,13,1,6
BRDA:125,14,0,6
BRDA:125,14,1,0
BRDA:129,15,0,1
BRDA:129,15,1,5
BRDA:130,16,0,1
BRDA:130,16,1,4
BRDA:130,17,0,5
BRDA:130,17,1,1
BRDA:131,18,0,1
BRDA:131,18,1,3
BRDA:133,19,0,3
BRDA:133,19,1,0
BRDA:152,20,0,2
BRDA:152,20,1,82
BRDA:154,21,0,1
BRDA:154,21,1,1
BRDA:158,22,0,1
BRDA:158,22,1,2
BRDA:178,23,0,1
BRDA:178,23,1,3
BRDA:180,24,0,3
BRDA:180,24,1,0
BRDA:184,25,0,1
BRDA:184,25,1,2
BRDA:185,26,0,1
BRDA:185,26,1,1
BRDA:185,27,0,2
BRDA:185,27,1,1
BRDA:200,28,0,1
BRDA:200,28,1,5
BRDA:202,29,0,5
BRDA:202,29,1,0
BRDA:206,30,0,1
BRDA:206,30,1,4
BRDA:207,31,0,0
BRDA:207,31,1,4
BRDA:207,32,0,4
BRDA:207,32,1,0
BRDA:209,33,0,4
BRDA:209,33,1,0
BRDA:212,34,0,1
BRDA:212,34,1,3
BRDA:216,35,0,2
BRDA:216,35,1,1
BRDA:218,36,0,1
BRDA:218,36,1,1
BRF:74
BRH:65
end_of_record
TN:
SF:src/handlers/proxy-votes.js
FN:9,getParentFiling
FN:19,(anonymous_1)
FN:52,(anonymous_2)
FN:60,(anonymous_3)
FN:63,(anonymous_4)
FN:74,(anonymous_5)
FN:98,(anonymous_6)
FN:128,(anonymous_7)
FN:157,(anonymous_8)
FN:228,(anonymous_9)
FN:255,insertVote
FN:300,updateVote
FN:364,insertRecords
FNF:13
FNH:13
FNDA:19,getParentFiling
FNDA:5,(anonymous_1)
FNDA:1,(anonymous_2)
FNDA:1,(anonymous_3)
FNDA:1,(anonymous_4)
FNDA:4,(anonymous_5)
FNDA:4,(anonymous_6)
FNDA:4,(anonymous_7)
FNDA:4,(anonymous_8)
FNDA:2,(anonymous_9)
FNDA:2,insertVote
FNDA:1,updateVote
FNDA:1,insertRecords
DA:3,1
DA:4,1
DA:5,1
DA:6,1
DA:10,19
DA:11,19
DA:12,19
DA:13,18
DA:14,18
DA:19,1
DA:20,5
DA:21,5
DA:22,5
DA:23,5
DA:25,4
DA:26,4
DA:27,4
DA:29,3
DA:30,3
DA:31,3
DA:32,3
DA:34,3
DA:38,3
DA:40,3
DA:48,3
DA:51,3
DA:52,1
DA:53,1
DA:59,1
DA:60,1
DA:61,1
DA:63,1
DA:66,3
DA:68,0
DA:74,1
DA:75,4
DA:76,4
DA:77,4
DA:78,4
DA:80,3
DA:81,3
DA:82,3
DA:84,3
DA:85,1
DA:88,2
DA:89,2
DA:90,1
DA:92,1
DA:98,1
DA:99,4
DA:100,4
DA:101,4
DA:102,4
DA:104,3
DA:105,3
DA:106,3
DA:108,3
DA:109,1
DA:112,2
DA:116,2
DA:118,1
DA:119,1
DA:120,1
DA:122,0
DA:128,1
DA:129,4
DA:130,4
DA:131,4
DA:132,4
DA:134,3
DA:135,3
DA:136,3
DA:138,3
DA:139,1
DA:142,2
DA:146,2
DA:148,1
DA:149,1
DA:151,0
DA:157,1
DA:158,4
DA:159,4
DA:160,4
DA:161,4
DA:163,4
DA:164,4
DA:165,4
DA:167,4
DA:168,1
DA:171,3
DA:172,3
DA:175,2
DA:176,2
DA:178,1
DA:181,1
DA:182,1
DA:183,1
DA:185,1
DA:186,1
DA:187,1
DA:188,1
DA:202,1
DA:203,1
DA:204,1
DA:210,1
DA:212,1
DA:214,0
DA:215,0
DA:217,1
DA:220,1
DA:222,0
DA:228,1
DA:229,2
DA:230,2
DA:231,2
DA:232,2
DA:234,2
DA:235,2
DA:236,2
DA:238,2
DA:239,1
DA:242,1
DA:247,1
DA:249,0
DA:256,2
DA:257,2
DA:258,2
DA:259,2
DA:261,2
DA:286,1
DA:287,1
DA:288,1
DA:290,1
DA:291,1
DA:293,1
DA:294,1
DA:296,2
DA:301,1
DA:302,1
DA:303,1
DA:304,1
DA:306,1
DA:341,1
DA:343,1
DA:344,0
DA:345,0
DA:347,1
DA:351,1
DA:354,1
DA:355,1
DA:357,0
DA:358,0
DA:360,1
DA:365,1
DA:366,1
DA:367,0
DA:368,0
DA:374,0
DA:376,1
LF:159
LH:145
BRDA:12,0,0,1
BRDA:12,0,1,18
BRDA:13,1,0,0
BRDA:13,1,1,18
BRDA:13,2,0,18
BRDA:13,2,1,0
BRDA:23,3,0,1
BRDA:23,3,1,4
BRDA:25,4,0,4
BRDA:25,4,1,0
BRDA:27,5,0,1
BRDA:27,5,1,3
BRDA:29,6,0,3
BRDA:29,6,1,0
BRDA:30,7,0,3
BRDA:30,7,1,3
BRDA:31,8,0,3
BRDA:31,8,1,3
BRDA:51,9,0,1
BRDA:51,9,1,2
BRDA:61,10,0,1
BRDA:61,10,1,1
BRDA:63,11,0,1
BRDA:63,11,1,0
BRDA:78,12,0,1
BRDA:78,12,1,3
BRDA:80,13,0,3
BRDA:80,13,1,0
BRDA:82,14,0,0
BRDA:82,14,1,3
BRDA:84,15,0,1
BRDA:84,15,1,2
BRDA:88,16,0,2
BRDA:88,16,1,0
BRDA:102,17,0,1
BRDA:102,17,1,3
BRDA:104,18,0,3
BRDA:104,18,1,0
BRDA:106,19,0,0
BRDA:106,19,1,3
BRDA:108,20,0,1
BRDA:108,20,1,2
BRDA:116,21,0,1
BRDA:116,21,1,1
BRDA:118,22,0,1
BRDA:118,22,1,0
BRDA:132,23,0,1
BRDA:132,23,1,3
BRDA:134,24,0,3
BRDA:134,24,1,0
BRDA:136,25,0,0
BRDA:136,25,1,3
BRDA:138,26,0,1
BRDA:138,26,1,2
BRDA:146,27,0,1
BRDA:146,27,1,1
BRDA:161,28,0,0
BRDA:161,28,1,4
BRDA:163,29,0,4
BRDA:163,29,1,0
BRDA:165,30,0,0
BRDA:165,30,1,4
BRDA:167,31,0,1
BRDA:167,31,1,3
BRDA:171,32,0,3
BRDA:171,32,1,0
BRDA:172,33,0,1
BRDA:172,33,1,2
BRDA:232,34,0,0
BRDA:232,34,1,2
BRDA:234,35,0,2
BRDA:234,35,1,0
BRDA:236,36,0,0
BRDA:236,36,1,2
BRDA:238,37,0,1
BRDA:238,37,1,1
BRDA:270,38,0,2
BRDA:270,38,1,2
BRDA:271,39,0,2
BRDA:271,39,1,1
BRDA:272,40,0,2
BRDA:272,40,1,2
BRDA:273,41,0,2
BRDA:273,41,1,2
BRDA:274,42,0,2
BRDA:274,42,1,2
BRDA:275,43,0,2
BRDA:275,43,1,2
BRDA:276,44,0,2
BRDA:276,44,1,2
BRDA:277,45,0,2
BRDA:277,45,1,2
BRDA:278,46,0,2
BRDA:278,46,1,2
BRDA:279,47,0,2
BRDA:279,47,1,2
BRDA:280,48,0,2
BRDA:280,48,1,2
BRDA:281,49,0,2
BRDA:281,49,1,2
BRDA:282,50,0,2
BRDA:282,50,1,2
BRDA:287,51,0,1
BRDA:287,51,1,0
BRDA:324,52,0,1
BRDA:324,52,1,1
BRDA:325,53,0,1
BRDA:325,53,1,0
BRDA:326,54,0,1
BRDA:326,54,1,1
BRDA:327,55,0,1
BRDA:327,55,1,1
BRDA:328,56,0,1
BRDA:328,56,1,1
BRDA:329,57,0,1
BRDA:329,57,1,1
BRDA:330,58,0,1
BRDA:330,58,1,1
BRDA:331,59,0,1
BRDA:331,59,1,1
BRDA:332,60,0,1
BRDA:332,60,1,1
BRDA:333,61,0,1
BRDA:333,61,1,1
BRDA:334,62,0,1
BRDA:334,62,1,1
BRDA:335,63,0,1
BRDA:335,63,1,1
BRDA:336,64,0,1
BRDA:336,64,1,1
BRDA:343,65,0,0
BRDA:343,65,1,1
BRDA:372,66,0,0
BRDA:372,66,1,0
BRDA:372,67,0,0
BRDA:372,67,1,0
BRDA:372,68,0,0
BRDA:372,68,1,0
BRF:138
BRH:109
end_of_record
TN:
SF:src/handlers/series.js
FN:8,getParentFiling
FN:18,(anonymous_1)
FN:41,(anonymous_2)
FN:73,(anonymous_3)
FN:115,(anonymous_4)
FNF:5
FNH:5
FNDA:13,getParentFiling
FNDA:5,(anonymous_1)
FNDA:4,(anonymous_2)
FNDA:4,(anonymous_3)
FNDA:4,(anonymous_4)
DA:3,1
DA:4,1
DA:5,1
DA:9,13
DA:10,13
DA:11,13
DA:12,12
DA:13,11
DA:18,1
DA:19,5
DA:20,5
DA:21,5
DA:22,5
DA:24,4
DA:25,4
DA:26,4
DA:28,2
DA:33,2
DA:35,0
DA:41,1
DA:42,4
DA:43,4
DA:44,4
DA:45,4
DA:47,3
DA:48,3
DA:49,3
DA:51,3
DA:52,1
DA:55,2
DA:56,2
DA:58,2
DA:65,2
DA:67,0
DA:73,1
DA:74,4
DA:75,4
DA:76,4
DA:77,4
DA:79,3
DA:80,3
DA:81,3
DA:83,3
DA:84,1
DA:87,2
DA:91,2
DA:93,1
DA:94,1
DA:96,1
DA:107,1
DA:109,0
DA:115,1
DA:116,4
DA:117,4
DA:118,4
DA:119,4
DA:121,3
DA:122,3
DA:123,3
DA:125,3
DA:126,1
DA:129,2
DA:133,2
DA:135,1
DA:136,1
DA:138,0
LF:66
LH:62
BRDA:11,0,0,1
BRDA:11,0,1,12
BRDA:12,1,0,1
BRDA:12,1,1,11
BRDA:12,2,0,12
BRDA:12,2,1,2
BRDA:22,3,0,1
BRDA:22,3,1,4
BRDA:24,4,0,4
BRDA:24,4,1,0
BRDA:26,5,0,2
BRDA:26,5,1,2
BRDA:45,6,0,1
BRDA:45,6,1,3
BRDA:47,7,0,3
BRDA:47,7,1,0
BRDA:49,8,0,0
BRDA:49,8,1,3
BRDA:51,9,0,1
BRDA:51,9,1,2
BRDA:55,10,0,2
BRDA:55,10,1,0
BRDA:62,11,0,2
BRDA:62,11,1,2
BRDA:62,12,0,2
BRDA:62,12,1,1
BRDA:62,13,0,2
BRDA:62,13,1,2
BRDA:62,14,0,2
BRDA:62,14,1,2
BRDA:77,15,0,1
BRDA:77,15,1,3
BRDA:79,16,0,3
BRDA:79,16,1,0
BRDA:81,17,0,0
BRDA:81,17,1,3
BRDA:83,18,0,1
BRDA:83,18,1,2
BRDA:91,19,0,1
BRDA:91,19,1,1
BRDA:93,20,0,1
BRDA:93,20,1,0
BRDA:119,21,0,1
BRDA:119,21,1,3
BRDA:121,22,0,3
BRDA:121,22,1,0
BRDA:123,23,0,0
BRDA:123,23,1,3
BRDA:125,24,0,1
BRDA:125,24,1,2
BRDA:133,25,0,1
BRDA:133,25,1,1
BRF:52
BRH:43
end_of_record
TN:
SF:src/handlers/users.js
FN:18,requireAdmin
FN:26,getCognitoClient
FN:33,(anonymous_2)
FN:108,(anonymous_3)
FN:126,(anonymous_4)
FN:146,(anonymous_5)
FN:167,(anonymous_6)
FN:216,(anonymous_7)
FNF:8
FNH:6
FNDA:23,requireAdmin
FNDA:0,getCognitoClient
FNDA:8,(anonymous_2)
FNDA:0,(anonymous_3)
FNDA:3,(anonymous_4)
FNDA:3,(anonymous_5)
FNDA:5,(anonymous_6)
FNDA:4,(anonymous_7)
DA:12,1
DA:13,1
DA:14,1
DA:16,1
DA:19,23
DA:20,23
DA:21,18
DA:22,18
DA:23,17
DA:27,0
DA:28,0
DA:33,1
DA:34,8
DA:35,8
DA:36,8
DA:38,6
DA:40,6
DA:42,4
DA:43,4
DA:44,1
DA:47,3
DA:48,3
DA:49,3
DA:51,2
DA:52,2
DA:54,2
DA:60,2
DA:68,0
DA:70,0
DA:71,0
DA:74,0
DA:75,0
DA:86,0
DA:88,0
DA:89,0
DA:92,0
DA:99,0
DA:100,0
DA:108,0
DA:109,0
DA:118,0
DA:120,0
DA:126,1
DA:127,3
DA:128,3
DA:129,3
DA:131,2
DA:138,1
DA:140,1
DA:146,1
DA:147,3
DA:148,3
DA:149,3
DA:151,2
DA:152,2
DA:158,2
DA:159,1
DA:161,0
DA:167,1
DA:168,5
DA:169,5
DA:170,5
DA:172,4
DA:173,4
DA:175,4
DA:176,1
DA:179,3
DA:180,3
DA:181,1
DA:184,2
DA:185,2
DA:187,2
DA:188,0
DA:189,0
DA:190,0
DA:191,0
DA:194,2
DA:207,2
DA:208,1
DA:210,0
DA:216,1
DA:217,4
DA:218,4
DA:219,4
DA:221,3
DA:223,3
DA:225,2
DA:227,0
DA:228,0
DA:230,0
DA:231,0
DA:232,0
DA:233,0
DA:238,0
DA:242,2
DA:243,2
DA:245,1
DA:247,0
LF:98
LH:67
BRDA:20,0,0,5
BRDA:20,0,1,18
BRDA:22,1,0,1
BRDA:22,1,1,17
BRDA:36,2,0,2
BRDA:36,2,1,6
BRDA:38,3,0,6
BRDA:38,3,1,0
BRDA:40,4,0,2
BRDA:40,4,1,4
BRDA:40,5,0,6
BRDA:40,5,1,5
BRDA:43,6,0,1
BRDA:43,6,1,3
BRDA:43,7,0,4
BRDA:43,7,1,1
BRDA:47,8,0,3
BRDA:47,8,1,0
BRDA:49,9,0,1
BRDA:49,9,1,2
BRDA:58,10,0,2
BRDA:58,10,1,2
BRDA:58,11,0,2
BRDA:58,11,1,2
BRDA:58,12,0,2
BRDA:58,12,1,2
BRDA:82,13,0,0
BRDA:82,13,1,0
BRDA:83,14,0,0
BRDA:83,14,1,0
BRDA:88,15,0,0
BRDA:88,15,1,0
BRDA:99,16,0,0
BRDA:99,16,1,0
BRDA:115,17,0,0
BRDA:115,17,1,0
BRDA:115,18,0,0
BRDA:115,18,1,0
BRDA:115,19,0,0
BRDA:115,19,1,0
BRDA:129,20,0,1
BRDA:129,20,1,2
BRDA:149,21,0,1
BRDA:149,21,1,2
BRDA:151,22,0,2
BRDA:151,22,1,0
BRDA:158,23,0,1
BRDA:158,23,1,1
BRDA:170,24,0,1
BRDA:170,24,1,4
BRDA:172,25,0,4
BRDA:172,25,1,0
BRDA:173,26,0,4
BRDA:173,26,1,0
BRDA:175,27,0,1
BRDA:175,27,1,3
BRDA:175,28,0,4
BRDA:175,28,1,1
BRDA:180,29,0,1
BRDA:180,29,1,2
BRDA:180,30,0,3
BRDA:180,30,1,1
BRDA:187,31,0,0
BRDA:187,31,1,2
BRDA:207,32,0,1
BRDA:207,32,1,1
BRDA:219,33,0,1
BRDA:219,33,1,3
BRDA:221,34,0,3
BRDA:221,34,1,0
BRDA:223,35,0,1
BRDA:223,35,1,2
BRDA:225,36,0,0
BRDA:225,36,1,2
BRDA:228,37,0,0
BRDA:228,37,1,0
BRDA:238,38,0,0
BRDA:238,38,1,0
BRDA:243,39,0,1
BRDA:243,39,1,1
BRF:80
BRH:54
end_of_record
TN:
SF:src/utils/auth.js
FN:14,getClaims
FN:22,isAdmin
FN:36,(anonymous_2)
FN:47,resolveUser
FNF:4
FNH:4
FNDA:4,getClaims
FNDA:14,isAdmin
FNDA:8,(anonymous_2)
FNDA:5,resolveUser
DA:3,1
DA:15,4
DA:24,14
DA:28,13
DA:29,13
DA:30,10
DA:32,8
DA:33,8
DA:34,3
DA:36,8
DA:38,2
DA:48,5
DA:49,2
DA:50,2
DA:54,3
DA:68,3
DA:71,1
LF:17
LH:17
BRDA:15,0,0,4
BRDA:15,0,1,3
BRDA:24,1,0,1
BRDA:24,1,1,13
BRDA:29,2,0,3
BRDA:29,2,1,10
BRDA:30,3,0,8
BRDA:30,3,1,2
BRDA:34,4,0,3
BRDA:34,4,1,0
BRDA:38,5,0,2
BRDA:38,5,1,2
BRDA:48,6,0,2
BRDA:48,6,1,3
BRDA:50,7,0,2
BRDA:50,7,1,1
BRDA:63,8,0,3
BRDA:63,8,1,2
BRDA:64,9,0,3
BRDA:64,9,1,2
BRDA:65,10,0,3
BRDA:65,10,1,2
BRDA:68,11,0,3
BRDA:68,11,1,1
BRF:24
BRH:23
end_of_record
TN:
SF:src/utils/csv-parser.js
FN:18,normalizeHeader
FN:22,parseCSV
FN:23,(anonymous_2)
FN:31,(anonymous_3)
FN:33,(anonymous_4)
FN:41,splitCSVLine
FN:70,groupVotes
FN:74,(anonymous_7)
FN:114,(anonymous_8)
FN:117,parseNum
FN:127,parseProxyVoteCSV
FNF:11
FNH:11
FNDA:280,normalizeHeader
FNDA:22,parseCSV
FNDA:47,(anonymous_2)
FNDA:37,(anonymous_3)
FNDA:322,(anonymous_4)
FNDA:24,splitCSVLine
FNDA:17,groupVotes
FNDA:23,(anonymous_7)
FNDA:21,(anonymous_8)
FNDA:64,parseNum
FNDA:22,parseProxyVoteCSV
DA:19,280
DA:23,47
DA:24,22
DA:26,20
DA:28,20
DA:29,20
DA:30,24
DA:31,37
DA:32,23
DA:33,322
DA:34,23
DA:37,20
DA:42,24
DA:43,24
DA:44,24
DA:46,24
DA:47,2473
DA:48,2473
DA:49,10
DA:50,2
DA:51,2
DA:53,8
DA:55,2463
DA:56,312
DA:57,312
DA:59,2151
DA:62,24
DA:63,24
DA:71,17
DA:72,17
DA:74,17
DA:75,23
DA:82,23
DA:83,21
DA:100,21
DA:103,23
DA:104,23
DA:105,22
DA:114,21
DA:118,64
DA:119,61
DA:120,61
DA:128,22
DA:129,20
DA:130,17
DA:133,2
LF:46
LH:46
BRDA:24,0,0,2
BRDA:24,0,1,20
BRDA:31,1,0,1
BRDA:31,1,1,23
BRDA:33,2,0,322
BRDA:33,2,1,31
BRDA:48,3,0,10
BRDA:48,3,1,2463
BRDA:49,4,0,2
BRDA:49,4,1,8
BRDA:49,5,0,10
BRDA:49,5,1,6
BRDA:55,6,0,312
BRDA:55,6,1,2151
BRDA:55,7,0,2463
BRDA:55,7,1,316
BRDA:76,8,0,23
BRDA:76,8,1,0
BRDA:77,9,0,23
BRDA:77,9,1,0
BRDA:78,10,0,23
BRDA:78,10,1,0
BRDA:79,11,0,23
BRDA:79,11,1,0
BRDA:82,12,0,21
BRDA:82,12,1,2
BRDA:85,13,0,21
BRDA:85,13,1,0
BRDA:86,14,0,21
BRDA:86,14,1,0
BRDA:87,15,0,21
BRDA:87,15,1,1
BRDA:88,16,0,21
BRDA:88,16,1,21
BRDA:89,17,0,21
BRDA:89,17,1,0
BRDA:90,18,0,21
BRDA:90,18,1,0
BRDA:91,19,0,21
BRDA:91,19,1,0
BRDA:92,20,0,21
BRDA:92,20,1,0
BRDA:93,21,0,21
BRDA:93,21,1,0
BRDA:104,22,0,22
BRDA:104,22,1,1
BRDA:104,23,0,23
BRDA:104,23,1,2
BRDA:104,23,2,1
BRDA:106,24,0,22
BRDA:106,24,1,1
BRDA:107,25,0,22
BRDA:107,25,1,0
BRDA:118,26,0,3
BRDA:118,26,1,61
BRDA:118,27,0,64
BRDA:118,27,1,61
BRDA:120,28,0,1
BRDA:120,28,1,60
BRDA:129,29,0,3
BRDA:129,29,1,17
BRF:61
BRH:49
end_of_record
TN:
SF:src/utils/response.js
FN:9,ok
FN:17,created
FN:25,noContent
FN:33,badRequest
FN:41,unauthorized
FN:49,forbidden
FN:57,notFound
FN:65,serverError
FNF:8
FNH:8
FNDA:23,ok
FNDA:9,created
FNDA:6,noContent
FNDA:25,badRequest
FNDA:18,unauthorized
FNDA:12,forbidden
FNDA:16,notFound
FNDA:5,serverError
DA:3,5
DA:10,23
DA:18,9
DA:26,6
DA:34,25
DA:42,18
DA:50,12
DA:58,16
DA:66,5
DA:67,5
DA:74,5
LF:11
LH:11
BRDA:4,0,0,5
BRDA:4,0,1,5
BRDA:41,1,0,17
BRDA:49,2,0,11
BRDA:57,3,0,2
BRF:5
BRH:5
end_of_record
